<?xml version="1.0" encoding="UTF-8"?>
<!-- Generated by org.testng.reporters.JUnitReportReporter -->
<testsuite hostname="DESKTOP-AM4RQ03" failures="0" tests="2" name="assignmentsRestAssured.Api1" time="5.672" errors="0" timestamp="2024-01-18T00:09:45 IST" skipped="0">
  <testcase classname="assignmentsRestAssured.Api1" name="createUserMap" time="4.974"/>
  <system-out/>
  <testcase classname="assignmentsRestAssured.Api1" name="createUserPojo" time="0.698"/>
  <system-out/>
</testsuite> <!-- assignmentsRestAssured.Api1 -->
