<?xml version="1.0" encoding="UTF-8"?>
<!-- Generated by org.testng.reporters.JUnitReportReporter -->
<testsuite hostname="DESKTOP-AM4RQ03" failures="0" tests="3" name="htmlMethods.Put_Delete_Request" time="5.606" errors="0" timestamp="2024-01-16T17:20:13 IST" skipped="0">
  <testcase classname="htmlMethods.Put_Delete_Request" name="putRequest" time="4.138"/>
  <system-out/>
  <testcase classname="htmlMethods.Put_Delete_Request" name="patchRequest" time="0.816"/>
  <system-out/>
  <testcase classname="htmlMethods.Put_Delete_Request" name="deleteRequest" time="0.652"/>
  <system-out/>
</testsuite> <!-- htmlMethods.Put_Delete_Request -->
