<?xml version="1.0" encoding="UTF-8"?>
<!-- Generated by org.testng.reporters.JUnitReportReporter -->
<testsuite hostname="DESKTOP-AM4RQ03" failures="0" tests="1" name="htmlMethods.Request_01_GET" time="2.885" errors="0" timestamp="2024-01-16T13:52:16 IST" skipped="0">
  <testcase classname="htmlMethods.Request_01_GET" name="getRequest_SingleUser" time="2.885"/>
  <system-out/>
</testsuite> <!-- htmlMethods.Request_01_GET -->
