<?xml version="1.0" encoding="UTF-8"?>
<!-- Generated by org.testng.reporters.JUnitReportReporter -->
<testsuite hostname="DESKTOP-AM4RQ03" failures="0" tests="2" name="htmlMethods.Serialization_Deserialization" time="0.411" errors="0" timestamp="2024-01-16T20:11:15 IST" skipped="0">
  <testcase classname="htmlMethods.Serialization_Deserialization" name="testSerialisation" time="0.366"/>
  <system-out/>
  <testcase classname="htmlMethods.Serialization_Deserialization" name="testDeserialisation" time="0.045"/>
  <system-out/>
</testsuite> <!-- htmlMethods.Serialization_Deserialization -->
