<?xml version="1.0" encoding="UTF-8"?>
<!-- Generated by org.testng.reporters.JUnitReportReporter -->
<testsuite hostname="DESKTOP-AM4RQ03" failures="0" tests="3" name="htmlMethods.RequestLatestWay_GET" time="4.043" errors="0" timestamp="2024-01-16T14:40:00 IST" skipped="2">
  <testcase classname="htmlMethods.RequestLatestWay_GET" name="getTestMethods" time="4.043"/>
  <system-out/>
  <testcase classname="htmlMethods.RequestLatestWay_GET" name="getListOfUsers">
    <skipped/>
  </testcase> <!-- getListOfUsers -->
  <system-out/>
  <testcase classname="htmlMethods.RequestLatestWay_GET" name="getRequest">
    <skipped/>
  </testcase> <!-- getRequest -->
  <system-out/>
</testsuite> <!-- htmlMethods.RequestLatestWay_GET -->
