<?xml version="1.0" encoding="UTF-8"?>
<!-- Generated by org.testng.reporters.JUnitReportReporter -->
<testsuite hostname="DESKTOP-AM4RQ03" failures="0" tests="3" name="assignmentsRestAssured.Api1andApi2" time="5.908" errors="0" timestamp="2024-01-16T22:56:51 IST" skipped="0">
  <testcase classname="assignmentsRestAssured.Api1andApi2" name="createUserMap" time="4.353"/>
  <system-out/>
  <testcase classname="assignmentsRestAssured.Api1andApi2" name="createUserPojo" time="0.880"/>
  <system-out/>
  <testcase classname="assignmentsRestAssured.Api1andApi2" name="deleteUser" time="0.675"/>
  <system-out/>
</testsuite> <!-- assignmentsRestAssured.Api1andApi2 -->
