<?xml version="1.0" encoding="UTF-8"?>
<!-- Generated by org.testng.reporters.JUnitReportReporter -->
<testsuite hostname="DESKTOP-AM4RQ03" failures="0" tests="4" name="htmlMethods.SameUserGETPOSTPUTDELETE" time="6.989" errors="0" timestamp="2024-01-16T17:39:06 IST" skipped="0">
  <testcase classname="htmlMethods.SameUserGETPOSTPUTDELETE" name="createUser" time="4.637"/>
  <system-out/>
  <testcase classname="htmlMethods.SameUserGETPOSTPUTDELETE" name="getUser" time="0.781"/>
  <system-out/>
  <testcase classname="htmlMethods.SameUserGETPOSTPUTDELETE" name="updateUser" time="0.801"/>
  <system-out/>
  <testcase classname="htmlMethods.SameUserGETPOSTPUTDELETE" name="deleteUser" time="0.770"/>
  <system-out/>
</testsuite> <!-- htmlMethods.SameUserGETPOSTPUTDELETE -->
