<?xml version="1.0" encoding="UTF-8"?>
<!-- Generated by org.testng.reporters.JUnitReportReporter -->
<testsuite hostname="DESKTOP-AM4RQ03" failures="0" tests="5" name="htmlMethods.AuthenticationRestAssured" time="10.384" errors="0" timestamp="2024-01-17T19:35:42 IST" skipped="0">
  <testcase classname="htmlMethods.AuthenticationRestAssured" name="basicAuth" time="5.384"/>
  <system-out/>
  <testcase classname="htmlMethods.AuthenticationRestAssured" name="digestAuth" time="1.888"/>
  <system-out/>
  <testcase classname="htmlMethods.AuthenticationRestAssured" name="preemptiveAuth" time="1.595"/>
  <system-out/>
  <testcase classname="htmlMethods.AuthenticationRestAssured" name="bearerTokenAuth" time="0.750"/>
  <system-out/>
  <testcase classname="htmlMethods.AuthenticationRestAssured" name="outh2Auth" time="0.767"/>
  <system-out/>
</testsuite> <!-- htmlMethods.AuthenticationRestAssured -->
