<?xml version="1.0" encoding="UTF-8"?>
<!-- Generated by org.testng.reporters.JUnitReportReporter -->
<testsuite hostname="DESKTOP-AM4RQ03" failures="0" tests="1" name="htmlMethods.QueryAndPathParameter" time="3.241" errors="0" timestamp="2024-01-16T17:47:09 IST" skipped="0">
  <testcase classname="htmlMethods.QueryAndPathParameter" name="queryAndPath" time="3.241"/>
  <system-out/>
</testsuite> <!-- htmlMethods.QueryAndPathParameter -->
