<?xml version="1.0" encoding="UTF-8"?>
<!-- Generated by org.testng.reporters.JUnitReportReporter -->
<testsuite hostname="DESKTOP-AM4RQ03" failures="0" tests="1" name="assignmentsRestAssured.Api2" time="3.669" errors="0" timestamp="2024-01-18T00:17:34 IST" skipped="0">
  <testcase classname="assignmentsRestAssured.Api2" name="deleteUser" time="3.669"/>
  <system-out/>
</testsuite> <!-- assignmentsRestAssured.Api2 -->
