<?xml version="1.0" encoding="UTF-8"?>
<!-- Generated by org.testng.reporters.JUnitReportReporter -->
<testsuite hostname="DESKTOP-AM4RQ03" failures="0" tests="2" name="htmlMethods.PostRequest" time="5.677" errors="0" timestamp="2024-01-16T16:35:52 IST" skipped="0">
  <testcase classname="htmlMethods.PostRequest" name="post_HashMap" time="4.875"/>
  <system-out/>
  <testcase classname="htmlMethods.PostRequest" name="post_Pojo" time="0.802"/>
  <system-out/>
</testsuite> <!-- htmlMethods.PostRequest -->
