<?xml version="1.0" encoding="UTF-8"?>
<!-- Generated by org.testng.reporters.JUnitReportReporter -->
<testsuite hostname="DESKTOP-AM4RQ03" failures="0" tests="1" name="assignmentsRestAssured.Api4" time="3.329" errors="0" timestamp="2024-01-18T00:32:19 IST" skipped="0">
  <testcase classname="assignmentsRestAssured.Api4" name="outh2Auth" time="3.329"/>
  <system-out/>
</testsuite> <!-- assignmentsRestAssured.Api4 -->
