<?xml version="1.0" encoding="UTF-8"?>
<!-- Generated by org.testng.reporters.JUnitReportReporter -->
<testsuite hostname="DESKTOP-AM4RQ03" failures="0" tests="3" name="htmlMethods.HeadersAndCookiesTest" time="3.346" errors="0" timestamp="2024-01-16T18:23:33 IST" skipped="0">
  <testcase classname="htmlMethods.HeadersAndCookiesTest" name="testHeader" time="2.523"/>
  <system-out/>
  <testcase classname="htmlMethods.HeadersAndCookiesTest" name="validateHeader" time="0.422"/>
  <system-out/>
  <testcase classname="htmlMethods.HeadersAndCookiesTest" name="validateCookies" time="0.401"/>
  <system-out/>
</testsuite> <!-- htmlMethods.HeadersAndCookiesTest -->
