<?xml version="1.0" encoding="UTF-8"?>
<!-- Generated by org.testng.reporters.JUnitReportReporter -->
<testsuite hostname="DESKTOP-AM4RQ03" failures="0" tests="2" name="assignmentsRestAssured.Api3" time="2.746" errors="0" timestamp="2024-01-18T00:24:26 IST" skipped="0">
  <testcase classname="assignmentsRestAssured.Api3" name="getUser1" time="2.466"/>
  <system-out/>
  <testcase classname="assignmentsRestAssured.Api3" name="getUser2" time="0.280"/>
  <system-out/>
</testsuite> <!-- assignmentsRestAssured.Api3 -->
